<?xml version="1.0" encoding="UTF-8"?>
<!-- Generated by org.testng.reporters.JUnitReportReporter -->
<testsuite hostname="Tintu" failures="0" tests="2" name="runner.Runner" time="52.458" errors="0" timestamp="2023-09-28T15:03:09 IST" skipped="0">
  <testcase classname="runner.Runner" name="runScenario" time="11.414"/>
  <system-out/>
  <testcase classname="runner.Runner" name="runScenario" time="41.044"/>
  <system-out/>
</testsuite> <!-- runner.Runner -->
